Arguments: 
  /usr/local/Cellar/node/15.14.0/bin/node /usr/local/Cellar/yarn/1.22.10/libexec/bin/yarn.js

PATH: 
  /usr/local/bin:/usr/bin:/bin:/usr/sbin:/sbin:/usr/local/share/dotnet:~/.dotnet/tools:/Library/Frameworks/Mono.framework/Versions/Current/Commands:/Users/nicholasferrer/.zinit/polaris/bin

Yarn version: 
  1.22.10

Node version: 
  15.14.0

Platform: 
  darwin x64

Trace: 
  Invariant Violation: expected hoisted manifest for "purgecss-webpack-plugin#webpack#terser-webpack-plugin#webpack"
      at invariant (/usr/local/Cellar/yarn/1.22.10/libexec/lib/cli.js:2314:15)
      at _loop2 (/usr/local/Cellar/yarn/1.22.10/libexec/lib/cli.js:94966:9)
      at PackageHoister.init (/usr/local/Cellar/yarn/1.22.10/libexec/lib/cli.js:95036:19)
      at PackageLinker.getFlatHoistedTree (/usr/local/Cellar/yarn/1.22.10/libexec/lib/cli.js:48744:20)
      at PackageLinker.<anonymous> (/usr/local/Cellar/yarn/1.22.10/libexec/lib/cli.js:48755:27)
      at Generator.next (<anonymous>)
      at step (/usr/local/Cellar/yarn/1.22.10/libexec/lib/cli.js:310:30)
      at /usr/local/Cellar/yarn/1.22.10/libexec/lib/cli.js:328:14
      at new Promise (<anonymous>)
      at new F (/usr/local/Cellar/yarn/1.22.10/libexec/lib/cli.js:5301:28)

npm manifest: 
  {
    "name": "desafia-ai",
    "version": "1.3.0",
    "description": "Plataforma de desafios do instituto de computação da UFF.",
    "scripts": {
      "start": "webpack-dev-server",
      "build": "webpack --mode production",
      "postbuild": "react-snap"
    },
    "dependencies": {
      "@vtex/styleguide": "^9.138.0",
      "body-scroll-lock": "^3.1.5",
      "react": "0.0.0-experimental-94c0244ba",
      "react-dom": "0.0.0-experimental-94c0244ba",
      "react-google-login": "^5.2.2",
      "react-icons": "^4.1.0",
      "react-responsive-simple": "^0.1.2",
      "react-toastify": "^7.0.3",
      "theme-ui": "^0.3.5",
      "wouter": "^2.7.0"
    },
    "browserslist": [
      "last 1 Chrome version"
    ],
    "devDependencies": {
      "@babel/cli": "^7.11.6",
      "@babel/core": "^7.11.6",
      "@babel/plugin-proposal-optional-chaining": "^7.12.7",
      "@babel/preset-env": "^7.11.5",
      "@babel/preset-react": "^7.10.4",
      "@emotion/react": "^11.1.4",
      "@emotion/styled": "^11.0.0",
      "@material-ui/icons": "^4.11.2",
      "@svgr/webpack": "^5.5.0",
      "@types/body-scroll-lock": "^2.6.1",
      "@types/react": "^16.9.49",
      "@types/react-dom": "^17.0.0",
      "@types/theme-ui": "^0.3.7",
      "@typescript-eslint/eslint-plugin": "^4.13.0",
      "@typescript-eslint/parser": "^4.13.0",
      "babel-loader": "^8.1.0",
      "compression-webpack-plugin": "^6.0.2",
      "copy-webpack-plugin": "^6.1.1",
      "css-loader": "^4.3.0",
      "eslint": "^7.2.0",
      "eslint-plugin-react": "^7.22.0",
      "file-loader": "^6.1.0",
      "html-webpack-plugin": "^4.4.1",
      "img-loader": "^3.0.2",
      "mini-css-extract-plugin": "^0.11.2",
      "preload-webpack-plugin": "^3.0.0-beta.3",
      "prettier": "^2.2.1",
      "purgecss-webpack-plugin": "^4.0.3",
      "react-snap": "^1.23.0",
      "ts-loader": "^8.0.4",
      "typescript": "^4.1.3",
      "unused-files-webpack-plugin": "^3.4.0",
      "url-loader": "^4.1.0",
      "webpack": "^4.44.2",
      "webpack-bundle-analyzer": "^4.3.0",
      "webpack-cli": "^3.3.12",
      "webpack-dev-server": "^3.11.0"
    },
    "reactSnap": {
      "source": "dist",
      "minifyHtml": {
        "inlineCss": true,
        "removeComments": true
      }
    },
    "author": "vitorflg",
    "license": "ISC"
  }

yarn manifest: 
  No manifest

Lockfile: 
  No lockfile
